<?xml version="1.0" encoding="UTF-8"?>
<!-- Generated by org.testng.reporters.JUnitXMLReporter -->
<testsuite ignored="0" hostname="Andy" failures="10" tests="13" name="Test" time="24.635" errors="0" timestamp="2021-10-10T14:55:27 IST">
  <testcase classname="testcases.TC001_Get_All_Employee" name="checkContentLength" time="0.018">
    <failure type="java.lang.NumberFormatException" message="null">
      <![CDATA[java.lang.NumberFormatException: null
at java.base/java.lang.Integer.parseInt(Integer.java:622)
at java.base/java.lang.Integer.parseInt(Integer.java:778)
at testcases.TC001_Get_All_Employee.checkContentLength(TC001_Get_All_Employee.java:94)
at java.base/java.util.ArrayList.forEach(ArrayList.java:1511)
... Removed 27 stack frames]]>
    </failure>
  </testcase> <!-- checkContentLength -->
  <testcase classname="testcases.TC001_Get_All_Employee" name="checkContentType" time="0.006">
    <failure type="java.lang.AssertionError" message="expected [application/json] but found [text/html; charset=UTF-8]">
      <![CDATA[java.lang.AssertionError: expected [application/json] but found [text/html; charset=UTF-8]
at testcases.TC001_Get_All_Employee.checkContentType(TC001_Get_All_Employee.java:70)
at java.base/java.util.ArrayList.forEach(ArrayList.java:1511)
... Removed 33 stack frames]]>
    </failure>
  </testcase> <!-- checkContentType -->
  <testcase classname="testcases.TC001_Get_All_Employee" name="checkContetEncoding" time="0.003">
    <failure type="java.lang.AssertionError" message="expected [gzip] but found [null]">
      <![CDATA[java.lang.AssertionError: expected [gzip] but found [null]
at testcases.TC001_Get_All_Employee.checkContetEncoding(TC001_Get_All_Employee.java:86)
at java.base/java.util.ArrayList.forEach(ArrayList.java:1511)
... Removed 33 stack frames]]>
    </failure>
  </testcase> <!-- checkContetEncoding -->
  <testcase classname="testcases.TC001_Get_All_Employee" name="checkResponseBody" time="0.04"/>
  <testcase classname="testcases.TC001_Get_All_Employee" name="checkResponseTime" time="0.005">
    <failure type="java.lang.AssertionError" message="expected [true] but found [false]">
      <![CDATA[java.lang.AssertionError: expected [true] but found [false]
at testcases.TC001_Get_All_Employee.checkResponseTime(TC001_Get_All_Employee.java:54)
at java.base/java.util.ArrayList.forEach(ArrayList.java:1511)
... Removed 31 stack frames]]>
    </failure>
  </testcase> <!-- checkResponseTime -->
  <testcase classname="testcases.TC001_Get_All_Employee" name="checkServerType" time="0.004"/>
  <testcase classname="testcases.TC001_Get_All_Employee" name="checkStatusCode" time="0.005">
    <failure type="java.lang.AssertionError" message="expected [200] but found [429]">
      <![CDATA[java.lang.AssertionError: expected [200] but found [429]
at testcases.TC001_Get_All_Employee.checkStatusCode(TC001_Get_All_Employee.java:41)
at java.base/java.util.ArrayList.forEach(ArrayList.java:1511)
... Removed 33 stack frames]]>
    </failure>
  </testcase> <!-- checkStatusCode -->
  <testcase classname="testcases.TC001_Get_All_Employee" name="checkStatusLine" time="0.003">
    <failure type="java.lang.AssertionError" message="expected [HTTP/1.1 200 OK] but found [HTTP/1.1 429 Too Many Requests]">
      <![CDATA[java.lang.AssertionError: expected [HTTP/1.1 200 OK] but found [HTTP/1.1 429 Too Many Requests]
at testcases.TC001_Get_All_Employee.checkStatusLine(TC001_Get_All_Employee.java:62)
at java.base/java.util.ArrayList.forEach(ArrayList.java:1511)
... Removed 33 stack frames]]>
    </failure>
  </testcase> <!-- checkStatusLine -->
  <testcase classname="testcases.TC002_Post_Request" name="createUser" time="4.611"/>
  <testcase classname="testcases.TC003_Data_Driven" name="createUsers" time="7.707">
    <failure type="java.lang.AssertionError" message="expected:&amp;lt;200&amp;gt; but was:&amp;lt;429&amp;gt;">
      <![CDATA[java.lang.AssertionError: expected:<200> but was:<429>
at org.junit.Assert.fail(Assert.java:93)
at org.junit.Assert.failNotEquals(Assert.java:647)
at org.junit.Assert.assertEquals(Assert.java:128)
at org.junit.Assert.assertEquals(Assert.java:472)
at org.junit.Assert.assertEquals(Assert.java:456)
at testcases.TC003_Data_Driven.createUsers(TC003_Data_Driven.java:54)
at java.base/java.util.ArrayList.forEach(ArrayList.java:1511)
... Removed 27 stack frames]]>
    </failure>
  </testcase> <!-- createUsers -->
  <testcase classname="testcases.TC003_Data_Driven" name="createUsers" time="1.226">
    <failure type="java.lang.AssertionError" message="expected:&amp;lt;200&amp;gt; but was:&amp;lt;429&amp;gt;">
      <![CDATA[java.lang.AssertionError: expected:<200> but was:<429>
at org.junit.Assert.fail(Assert.java:93)
at org.junit.Assert.failNotEquals(Assert.java:647)
at org.junit.Assert.assertEquals(Assert.java:128)
at org.junit.Assert.assertEquals(Assert.java:472)
at org.junit.Assert.assertEquals(Assert.java:456)
at testcases.TC003_Data_Driven.createUsers(TC003_Data_Driven.java:54)
at java.base/java.util.ArrayList.forEach(ArrayList.java:1511)
... Removed 27 stack frames]]>
    </failure>
  </testcase> <!-- createUsers -->
  <testcase classname="testcases.TC003_Data_Driven" name="createUsers" time="1.268">
    <failure type="java.lang.AssertionError" message="expected:&amp;lt;200&amp;gt; but was:&amp;lt;429&amp;gt;">
      <![CDATA[java.lang.AssertionError: expected:<200> but was:<429>
at org.junit.Assert.fail(Assert.java:93)
at org.junit.Assert.failNotEquals(Assert.java:647)
at org.junit.Assert.assertEquals(Assert.java:128)
at org.junit.Assert.assertEquals(Assert.java:472)
at org.junit.Assert.assertEquals(Assert.java:456)
at testcases.TC003_Data_Driven.createUsers(TC003_Data_Driven.java:54)
at java.base/java.util.ArrayList.forEach(ArrayList.java:1511)
... Removed 27 stack frames]]>
    </failure>
  </testcase> <!-- createUsers -->
  <testcase classname="testcases.TC003_Data_Driven" name="createUsers" time="1.268">
    <failure type="java.lang.AssertionError" message="expected:&amp;lt;200&amp;gt; but was:&amp;lt;429&amp;gt;">
      <![CDATA[java.lang.AssertionError: expected:<200> but was:<429>
at org.junit.Assert.fail(Assert.java:93)
at org.junit.Assert.failNotEquals(Assert.java:647)
at org.junit.Assert.assertEquals(Assert.java:128)
at org.junit.Assert.assertEquals(Assert.java:472)
at org.junit.Assert.assertEquals(Assert.java:456)
at testcases.TC003_Data_Driven.createUsers(TC003_Data_Driven.java:54)
at java.base/java.util.ArrayList.forEach(ArrayList.java:1511)
... Removed 27 stack frames]]>
    </failure>
  </testcase> <!-- createUsers -->
</testsuite> <!-- Test -->
